<?xml version="1.0" encoding="UTF-8"?>
<testng-results skipped="0" failed="0" total="1" passed="1">
  <reporter-output>
  </reporter-output>
  <suite name="Default suite" duration-ms="21401" started-at="2019-11-20T07:00:38Z" finished-at="2019-11-20T07:00:59Z">
    <groups>
    </groups>
    <test name="Default test" duration-ms="21401" started-at="2019-11-20T07:00:38Z" finished-at="2019-11-20T07:00:59Z">
      <class name="pageom.PageImplemention">
        <test-method status="PASS" signature="f()[pri:0, instance:pageom.PageImplemention@1888ff2c]" name="f" duration-ms="21366" started-at="2019-11-20T12:30:38Z" finished-at="2019-11-20T12:30:59Z">
          <reporter-output>
          </reporter-output>
        </test-method> <!-- f -->
      </class> <!-- pageom.PageImplemention -->
    </test> <!-- Default test -->
  </suite> <!-- Default suite -->
</testng-results>
