<?xml version="1.0" encoding="UTF-8"?>
<testng-results skipped="0" failed="0" total="1" passed="1">
  <reporter-output>
  </reporter-output>
  <suite name="Default suite" duration-ms="20868" started-at="2019-11-18T10:40:05Z" finished-at="2019-11-18T10:40:26Z">
    <groups>
    </groups>
    <test name="Default test" duration-ms="20868" started-at="2019-11-18T10:40:05Z" finished-at="2019-11-18T10:40:26Z">
      <class name="seldemos1.online">
        <test-method status="PASS" signature="beforeTest()[pri:0, instance:seldemos1.online@4cdbe50f]" name="beforeTest" is-config="true" duration-ms="16053" started-at="2019-11-18T16:10:05Z" finished-at="2019-11-18T16:10:21Z">
          <reporter-output>
          </reporter-output>
        </test-method> <!-- beforeTest -->
        <test-method status="PASS" signature="login()[pri:0, instance:seldemos1.online@4cdbe50f]" name="login" duration-ms="4801" started-at="2019-11-18T16:10:21Z" finished-at="2019-11-18T16:10:26Z">
          <reporter-output>
          </reporter-output>
        </test-method> <!-- login -->
        <test-method status="PASS" signature="afterMethod()[pri:0, instance:seldemos1.online@4cdbe50f]" name="afterMethod" is-config="true" duration-ms="1" started-at="2019-11-18T16:10:26Z" finished-at="2019-11-18T16:10:26Z">
          <reporter-output>
          </reporter-output>
        </test-method> <!-- afterMethod -->
        <test-method status="PASS" signature="afterTest()[pri:0, instance:seldemos1.online@4cdbe50f]" name="afterTest" is-config="true" duration-ms="0" started-at="2019-11-18T16:10:26Z" finished-at="2019-11-18T16:10:26Z">
          <reporter-output>
          </reporter-output>
        </test-method> <!-- afterTest -->
      </class> <!-- seldemos1.online -->
    </test> <!-- Default test -->
  </suite> <!-- Default suite -->
</testng-results>
